<?xml version="1.0" encoding="UTF-8"?>
<robot generator="Robot 6.1.1 (Python 3.10.12 on linux)" generated="20241117 19:14:26.687" rpa="false" schemaversion="4">
<suite id="s1" name="Tests" source="/home/laura/palautusrepositorio/viikko3/web-login/src/tests">
<suite id="s1-s1" name="Home" source="/home/laura/palautusrepositorio/viikko3/web-login/src/tests/home.robot">
<kw name="Open And Configure Browser" library="resource" type="SETUP">
<if>
<branch type="IF" condition="$BROWSER == 'chrome'">
<kw name="Evaluate" library="BuiltIn">
<var>${options}</var>
<arg>sys.modules['selenium.webdriver'].ChromeOptions()</arg>
<arg>sys</arg>
<doc>Evaluates the given expression in Python and returns the result.</doc>
<status status="NOT RUN" starttime="20241117 19:14:26.923" endtime="20241117 19:14:26.923"/>
</kw>
<status status="NOT RUN" starttime="20241117 19:14:26.909" endtime="20241117 19:14:26.923"/>
</branch>
<branch type="ELSE IF" condition="$BROWSER == 'firefox'">
<kw name="Evaluate" library="BuiltIn">
<var>${options}</var>
<arg>sys.modules['selenium.webdriver'].FirefoxOptions()</arg>
<arg>sys</arg>
<doc>Evaluates the given expression in Python and returns the result.</doc>
<msg timestamp="20241117 19:14:26.923" level="INFO">${options} = &lt;selenium.webdriver.firefox.options.Options object at 0x7f623de97610&gt;</msg>
<status status="PASS" starttime="20241117 19:14:26.923" endtime="20241117 19:14:26.924"/>
</kw>
<status status="PASS" starttime="20241117 19:14:26.923" endtime="20241117 19:14:26.924"/>
</branch>
<status status="PASS" starttime="20241117 19:14:26.909" endtime="20241117 19:14:26.924"/>
</if>
<if>
<branch type="IF" condition="$HEADLESS == 'true'">
<kw name="Set Selenium Speed" library="SeleniumLibrary">
<arg>0</arg>
<doc>Sets the delay that is waited after each Selenium command.</doc>
<status status="NOT RUN" starttime="20241117 19:14:26.924" endtime="20241117 19:14:26.924"/>
</kw>
<kw name="Call Method" library="BuiltIn">
<arg>${options}</arg>
<arg>add_argument</arg>
<arg>--headless</arg>
<doc>Calls the named method of the given object with the provided arguments.</doc>
<status status="NOT RUN" starttime="20241117 19:14:26.924" endtime="20241117 19:14:26.924"/>
</kw>
<status status="NOT RUN" starttime="20241117 19:14:26.924" endtime="20241117 19:14:26.924"/>
</branch>
<branch type="ELSE">
<kw name="Set Selenium Speed" library="SeleniumLibrary">
<arg>${DELAY}</arg>
<doc>Sets the delay that is waited after each Selenium command.</doc>
<status status="PASS" starttime="20241117 19:14:26.924" endtime="20241117 19:14:26.924"/>
</kw>
<status status="PASS" starttime="20241117 19:14:26.924" endtime="20241117 19:14:26.924"/>
</branch>
<status status="PASS" starttime="20241117 19:14:26.924" endtime="20241117 19:14:26.924"/>
</if>
<kw name="Open Browser" library="SeleniumLibrary">
<arg>${HOME_URL}</arg>
<arg>browser=${BROWSER}</arg>
<arg>options=${options}</arg>
<doc>Opens a new browser instance to the optional ``url``.</doc>
<msg timestamp="20241117 19:14:26.925" level="INFO">Opening browser 'firefox' to base url 'http://localhost:5001'.</msg>
<status status="PASS" starttime="20241117 19:14:26.925" endtime="20241117 19:14:32.357"/>
</kw>
<status status="PASS" starttime="20241117 19:14:26.908" endtime="20241117 19:14:32.357"/>
</kw>
<test id="s1-s1-t1" name="Click Login Link" line="8">
<kw name="Reset Application And Go To Starting Page" type="SETUP">
<kw name="Reset Application" library="AppLibrary">
<status status="PASS" starttime="20241117 19:14:32.358" endtime="20241117 19:14:32.361"/>
</kw>
<kw name="Go To Starting Page">
<kw name="Go To" library="SeleniumLibrary">
<arg>${HOME_URL}</arg>
<doc>Navigates the current browser window to the provided ``url``.</doc>
<msg timestamp="20241117 19:14:32.362" level="INFO">Opening url 'http://localhost:5001'</msg>
<status status="PASS" starttime="20241117 19:14:32.362" endtime="20241117 19:14:32.883"/>
</kw>
<status status="PASS" starttime="20241117 19:14:32.361" endtime="20241117 19:14:32.884"/>
</kw>
<status status="PASS" starttime="20241117 19:14:32.358" endtime="20241117 19:14:32.884"/>
</kw>
<kw name="Click Link" library="SeleniumLibrary">
<arg>Login</arg>
<doc>Clicks a link identified by ``locator``.</doc>
<msg timestamp="20241117 19:14:32.885" level="INFO">Clicking link 'Login'.</msg>
<status status="PASS" starttime="20241117 19:14:32.884" endtime="20241117 19:14:34.591"/>
</kw>
<kw name="Login Page Should Be Open" library="resource">
<kw name="Title Should Be" library="SeleniumLibrary">
<arg>Login</arg>
<doc>Verifies that the current page title equals ``title``.</doc>
<msg timestamp="20241117 19:14:35.096" level="INFO">Page title is 'Login'.</msg>
<status status="PASS" starttime="20241117 19:14:34.592" endtime="20241117 19:14:35.096"/>
</kw>
<status status="PASS" starttime="20241117 19:14:34.592" endtime="20241117 19:14:35.097"/>
</kw>
<status status="PASS" starttime="20241117 19:14:32.357" endtime="20241117 19:14:35.097"/>
</test>
<test id="s1-s1-t2" name="Click Register Link" line="12">
<kw name="Reset Application And Go To Starting Page" type="SETUP">
<kw name="Reset Application" library="AppLibrary">
<status status="PASS" starttime="20241117 19:14:35.100" endtime="20241117 19:14:35.107"/>
</kw>
<kw name="Go To Starting Page">
<kw name="Go To" library="SeleniumLibrary">
<arg>${HOME_URL}</arg>
<doc>Navigates the current browser window to the provided ``url``.</doc>
<msg timestamp="20241117 19:14:35.110" level="INFO">Opening url 'http://localhost:5001'</msg>
<status status="PASS" starttime="20241117 19:14:35.109" endtime="20241117 19:14:35.663"/>
</kw>
<status status="PASS" starttime="20241117 19:14:35.108" endtime="20241117 19:14:35.663"/>
</kw>
<status status="PASS" starttime="20241117 19:14:35.100" endtime="20241117 19:14:35.663"/>
</kw>
<kw name="Click Link" library="SeleniumLibrary">
<arg>Register new user</arg>
<doc>Clicks a link identified by ``locator``.</doc>
<msg timestamp="20241117 19:14:35.664" level="INFO">Clicking link 'Register new user'.</msg>
<status status="PASS" starttime="20241117 19:14:35.663" endtime="20241117 19:14:37.234"/>
</kw>
<kw name="Register Page Should Be Open">
<kw name="Title Should Be" library="SeleniumLibrary">
<arg>Register</arg>
<doc>Verifies that the current page title equals ``title``.</doc>
<msg timestamp="20241117 19:14:37.742" level="INFO">Page title is 'Register'.</msg>
<status status="PASS" starttime="20241117 19:14:37.236" endtime="20241117 19:14:37.742"/>
</kw>
<status status="PASS" starttime="20241117 19:14:37.235" endtime="20241117 19:14:37.742"/>
</kw>
<status status="PASS" starttime="20241117 19:14:35.099" endtime="20241117 19:14:37.743"/>
</test>
<kw name="Close Browser" library="SeleniumLibrary" type="TEARDOWN">
<doc>Closes the current browser.</doc>
<status status="PASS" starttime="20241117 19:14:37.745" endtime="20241117 19:14:39.745"/>
</kw>
<status status="PASS" starttime="20241117 19:14:26.704" endtime="20241117 19:14:39.745"/>
</suite>
<suite id="s1-s2" name="Login" source="/home/laura/palautusrepositorio/viikko3/web-login/src/tests/login.robot">
<kw name="Open And Configure Browser" library="resource" type="SETUP">
<if>
<branch type="IF" condition="$BROWSER == 'chrome'">
<kw name="Evaluate" library="BuiltIn">
<var>${options}</var>
<arg>sys.modules['selenium.webdriver'].ChromeOptions()</arg>
<arg>sys</arg>
<doc>Evaluates the given expression in Python and returns the result.</doc>
<status status="NOT RUN" starttime="20241117 19:14:39.762" endtime="20241117 19:14:39.762"/>
</kw>
<status status="NOT RUN" starttime="20241117 19:14:39.761" endtime="20241117 19:14:39.763"/>
</branch>
<branch type="ELSE IF" condition="$BROWSER == 'firefox'">
<kw name="Evaluate" library="BuiltIn">
<var>${options}</var>
<arg>sys.modules['selenium.webdriver'].FirefoxOptions()</arg>
<arg>sys</arg>
<doc>Evaluates the given expression in Python and returns the result.</doc>
<msg timestamp="20241117 19:14:39.764" level="INFO">${options} = &lt;selenium.webdriver.firefox.options.Options object at 0x7f623dd3dc00&gt;</msg>
<status status="PASS" starttime="20241117 19:14:39.763" endtime="20241117 19:14:39.765"/>
</kw>
<status status="PASS" starttime="20241117 19:14:39.763" endtime="20241117 19:14:39.765"/>
</branch>
<status status="PASS" starttime="20241117 19:14:39.761" endtime="20241117 19:14:39.765"/>
</if>
<if>
<branch type="IF" condition="$HEADLESS == 'true'">
<kw name="Set Selenium Speed" library="SeleniumLibrary">
<arg>0</arg>
<doc>Sets the delay that is waited after each Selenium command.</doc>
<status status="NOT RUN" starttime="20241117 19:14:39.766" endtime="20241117 19:14:39.767"/>
</kw>
<kw name="Call Method" library="BuiltIn">
<arg>${options}</arg>
<arg>add_argument</arg>
<arg>--headless</arg>
<doc>Calls the named method of the given object with the provided arguments.</doc>
<status status="NOT RUN" starttime="20241117 19:14:39.767" endtime="20241117 19:14:39.767"/>
</kw>
<status status="NOT RUN" starttime="20241117 19:14:39.766" endtime="20241117 19:14:39.767"/>
</branch>
<branch type="ELSE">
<kw name="Set Selenium Speed" library="SeleniumLibrary">
<arg>${DELAY}</arg>
<doc>Sets the delay that is waited after each Selenium command.</doc>
<status status="PASS" starttime="20241117 19:14:39.768" endtime="20241117 19:14:39.768"/>
</kw>
<status status="PASS" starttime="20241117 19:14:39.767" endtime="20241117 19:14:39.769"/>
</branch>
<status status="PASS" starttime="20241117 19:14:39.765" endtime="20241117 19:14:39.769"/>
</if>
<kw name="Open Browser" library="SeleniumLibrary">
<arg>${HOME_URL}</arg>
<arg>browser=${BROWSER}</arg>
<arg>options=${options}</arg>
<doc>Opens a new browser instance to the optional ``url``.</doc>
<msg timestamp="20241117 19:14:39.772" level="INFO">Opening browser 'firefox' to base url 'http://localhost:5001'.</msg>
<status status="PASS" starttime="20241117 19:14:39.769" endtime="20241117 19:14:45.164"/>
</kw>
<status status="PASS" starttime="20241117 19:14:39.760" endtime="20241117 19:14:45.164"/>
</kw>
<test id="s1-s2-t1" name="Login With Correct Credentials" line="8">
<kw name="Reset Application Create User And Go To Login Page" type="SETUP">
<kw name="Reset Application" library="AppLibrary">
<status status="PASS" starttime="20241117 19:14:45.166" endtime="20241117 19:14:45.169"/>
</kw>
<kw name="Create User" library="AppLibrary">
<arg>kalle</arg>
<arg>kalle123</arg>
<status status="PASS" starttime="20241117 19:14:45.169" endtime="20241117 19:14:45.176"/>
</kw>
<kw name="Go To Login Page" library="resource">
<kw name="Go To" library="SeleniumLibrary">
<arg>${LOGIN_URL}</arg>
<doc>Navigates the current browser window to the provided ``url``.</doc>
<msg timestamp="20241117 19:14:45.177" level="INFO">Opening url 'http://localhost:5001/login'</msg>
<status status="PASS" starttime="20241117 19:14:45.177" endtime="20241117 19:14:45.733"/>
</kw>
<status status="PASS" starttime="20241117 19:14:45.177" endtime="20241117 19:14:45.733"/>
</kw>
<status status="PASS" starttime="20241117 19:14:45.165" endtime="20241117 19:14:45.733"/>
</kw>
<kw name="Set Username">
<arg>kalle</arg>
<kw name="Input Text" library="SeleniumLibrary">
<arg>username</arg>
<arg>${username}</arg>
<doc>Types the given ``text`` into the text field identified by ``locator``.</doc>
<msg timestamp="20241117 19:14:45.735" level="INFO">Typing text 'kalle' into text field 'username'.</msg>
<status status="PASS" starttime="20241117 19:14:45.734" endtime="20241117 19:14:47.326"/>
</kw>
<status status="PASS" starttime="20241117 19:14:45.734" endtime="20241117 19:14:47.327"/>
</kw>
<kw name="Set Password">
<arg>kalle123</arg>
<kw name="Input Password" library="SeleniumLibrary">
<arg>password</arg>
<arg>${password}</arg>
<doc>Types the given password into the text field identified by ``locator``.</doc>
<msg timestamp="20241117 19:14:47.330" level="INFO">Typing password into text field 'password'.</msg>
<msg timestamp="20241117 19:14:48.346" level="INFO">Temporally setting log level to: NONE</msg>
<msg timestamp="20241117 19:14:48.872" level="INFO">Log level changed from NONE to INFO.</msg>
<status status="PASS" starttime="20241117 19:14:47.328" endtime="20241117 19:14:48.873"/>
</kw>
<status status="PASS" starttime="20241117 19:14:47.327" endtime="20241117 19:14:48.873"/>
</kw>
<kw name="Submit Credentials">
<kw name="Click Button" library="SeleniumLibrary">
<arg>Login</arg>
<doc>Clicks the button identified by ``locator``.</doc>
<msg timestamp="20241117 19:14:48.878" level="INFO">Clicking button 'Login'.</msg>
<status status="PASS" starttime="20241117 19:14:48.876" endtime="20241117 19:14:51.016"/>
</kw>
<status status="PASS" starttime="20241117 19:14:48.874" endtime="20241117 19:14:51.017"/>
</kw>
<kw name="Login Should Succeed">
<kw name="Main Page Should Be Open" library="resource">
<kw name="Title Should Be" library="SeleniumLibrary">
<arg>Ohtu Application main page</arg>
<doc>Verifies that the current page title equals ``title``.</doc>
<msg timestamp="20241117 19:14:51.526" level="INFO">Page title is 'Ohtu Application main page'.</msg>
<status status="PASS" starttime="20241117 19:14:51.019" endtime="20241117 19:14:51.527"/>
</kw>
<status status="PASS" starttime="20241117 19:14:51.018" endtime="20241117 19:14:51.527"/>
</kw>
<status status="PASS" starttime="20241117 19:14:51.017" endtime="20241117 19:14:51.527"/>
</kw>
<status status="PASS" starttime="20241117 19:14:45.164" endtime="20241117 19:14:51.528"/>
</test>
<test id="s1-s2-t2" name="Login With Incorrect Password" line="14">
<kw name="Reset Application Create User And Go To Login Page" type="SETUP">
<kw name="Reset Application" library="AppLibrary">
<status status="PASS" starttime="20241117 19:14:51.533" endtime="20241117 19:14:51.544"/>
</kw>
<kw name="Create User" library="AppLibrary">
<arg>kalle</arg>
<arg>kalle123</arg>
<status status="PASS" starttime="20241117 19:14:51.544" endtime="20241117 19:14:51.561"/>
</kw>
<kw name="Go To Login Page" library="resource">
<kw name="Go To" library="SeleniumLibrary">
<arg>${LOGIN_URL}</arg>
<doc>Navigates the current browser window to the provided ``url``.</doc>
<msg timestamp="20241117 19:14:51.563" level="INFO">Opening url 'http://localhost:5001/login'</msg>
<status status="PASS" starttime="20241117 19:14:51.563" endtime="20241117 19:14:52.138"/>
</kw>
<status status="PASS" starttime="20241117 19:14:51.561" endtime="20241117 19:14:52.138"/>
</kw>
<status status="PASS" starttime="20241117 19:14:51.532" endtime="20241117 19:14:52.138"/>
</kw>
<kw name="Set Username">
<arg>kalle</arg>
<kw name="Input Text" library="SeleniumLibrary">
<arg>username</arg>
<arg>${username}</arg>
<doc>Types the given ``text`` into the text field identified by ``locator``.</doc>
<msg timestamp="20241117 19:14:52.139" level="INFO">Typing text 'kalle' into text field 'username'.</msg>
<status status="PASS" starttime="20241117 19:14:52.138" endtime="20241117 19:14:53.670"/>
</kw>
<status status="PASS" starttime="20241117 19:14:52.138" endtime="20241117 19:14:53.670"/>
</kw>
<kw name="Set Password">
<arg>kalle456</arg>
<kw name="Input Password" library="SeleniumLibrary">
<arg>password</arg>
<arg>${password}</arg>
<doc>Types the given password into the text field identified by ``locator``.</doc>
<msg timestamp="20241117 19:14:53.671" level="INFO">Typing password into text field 'password'.</msg>
<msg timestamp="20241117 19:14:54.680" level="INFO">Temporally setting log level to: NONE</msg>
<msg timestamp="20241117 19:14:55.208" level="INFO">Log level changed from NONE to INFO.</msg>
<status status="PASS" starttime="20241117 19:14:53.671" endtime="20241117 19:14:55.209"/>
</kw>
<status status="PASS" starttime="20241117 19:14:53.670" endtime="20241117 19:14:55.209"/>
</kw>
<kw name="Submit Credentials">
<kw name="Click Button" library="SeleniumLibrary">
<arg>Login</arg>
<doc>Clicks the button identified by ``locator``.</doc>
<msg timestamp="20241117 19:14:55.212" level="INFO">Clicking button 'Login'.</msg>
<status status="PASS" starttime="20241117 19:14:55.210" endtime="20241117 19:14:57.313"/>
</kw>
<status status="PASS" starttime="20241117 19:14:55.209" endtime="20241117 19:14:57.313"/>
</kw>
<kw name="Login Should Fail With Message">
<arg>Invalid username or password</arg>
<kw name="Login Page Should Be Open" library="resource">
<kw name="Title Should Be" library="SeleniumLibrary">
<arg>Login</arg>
<doc>Verifies that the current page title equals ``title``.</doc>
<msg timestamp="20241117 19:14:57.817" level="INFO">Page title is 'Login'.</msg>
<status status="PASS" starttime="20241117 19:14:57.314" endtime="20241117 19:14:57.817"/>
</kw>
<status status="PASS" starttime="20241117 19:14:57.314" endtime="20241117 19:14:57.817"/>
</kw>
<kw name="Page Should Contain" library="SeleniumLibrary">
<arg>${message}</arg>
<doc>Verifies that current page contains ``text``.</doc>
<msg timestamp="20241117 19:14:58.830" level="INFO">Current page contains text 'Invalid username or password'.</msg>
<status status="PASS" starttime="20241117 19:14:57.818" endtime="20241117 19:14:58.831"/>
</kw>
<status status="PASS" starttime="20241117 19:14:57.313" endtime="20241117 19:14:58.831"/>
</kw>
<status status="PASS" starttime="20241117 19:14:51.529" endtime="20241117 19:14:58.831"/>
</test>
<kw name="Close Browser" library="SeleniumLibrary" type="TEARDOWN">
<doc>Closes the current browser.</doc>
<status status="PASS" starttime="20241117 19:14:58.834" endtime="20241117 19:15:00.746"/>
</kw>
<status status="PASS" starttime="20241117 19:14:39.749" endtime="20241117 19:15:00.746"/>
</suite>
<status status="PASS" starttime="20241117 19:14:26.688" endtime="20241117 19:15:00.750"/>
</suite>
<statistics>
<total>
<stat pass="4" fail="0" skip="0">All Tests</stat>
</total>
<tag>
</tag>
<suite>
<stat pass="4" fail="0" skip="0" id="s1" name="Tests">Tests</stat>
<stat pass="2" fail="0" skip="0" id="s1-s1" name="Home">Tests.Home</stat>
<stat pass="2" fail="0" skip="0" id="s1-s2" name="Login">Tests.Login</stat>
</suite>
</statistics>
<errors>
</errors>
</robot>
